<?xml version="1.0" encoding="UTF-8"?>
<testng-results ignored="0" total="1" passed="1" failed="0" skipped="0">
  <reporter-output>
  </reporter-output>
  <suite started-at="2021-07-26T12:21:22 AST" name="Default suite" finished-at="2021-07-26T12:21:35 AST" duration-ms="12964">
    <groups>
    </groups>
    <test started-at="2021-07-26T12:21:22 AST" name="Default test" finished-at="2021-07-26T12:21:35 AST" duration-ms="12964">
      <class name="ExcelTest">
        <test-method is-config="true" signature="beforeMethod()[pri:0, instance:ExcelTest@193f604a]" started-at="2021-07-26T12:21:22 AST" name="beforeMethod" finished-at="2021-07-26T12:21:32 AST" duration-ms="10119" status="PASS">
          <reporter-output>
          </reporter-output>
        </test-method> <!-- beforeMethod -->
        <test-method signature="test(java.lang.String)[pri:0, instance:ExcelTest@193f604a]" started-at="2021-07-26T12:21:32 AST" name="test" data-provider="search" finished-at="2021-07-26T12:21:35 AST" duration-ms="2249" status="PASS">
          <params>
            <param index="0">
              <value>
                <![CDATA[TestNG]]>
              </value>
            </param>
          </params>
          <reporter-output>
          </reporter-output>
        </test-method> <!-- test -->
        <test-method is-config="true" signature="afterMethod()[pri:0, instance:ExcelTest@193f604a]" started-at="2021-07-26T12:21:35 AST" name="afterMethod" finished-at="2021-07-26T12:21:35 AST" duration-ms="135" status="PASS">
          <reporter-output>
          </reporter-output>
        </test-method> <!-- afterMethod -->
      </class> <!-- ExcelTest -->
    </test> <!-- Default test -->
  </suite> <!-- Default suite -->
</testng-results>
