<?xml version="1.0" encoding="UTF-8"?>
<testng-results ignored="0" total="2" passed="2" failed="0" skipped="0">
  <reporter-output>
  </reporter-output>
  <suite started-at="2021-07-25T12:42:40 AST" name="Default suite" finished-at="2021-07-25T12:42:49 AST" duration-ms="9850">
    <groups>
    </groups>
    <test started-at="2021-07-25T12:42:40 AST" name="Default test" finished-at="2021-07-25T12:42:49 AST" duration-ms="9850">
      <class name="YoutubeError">
        <test-method is-config="true" signature="createDriver()[pri:0, instance:YoutubeError@3d5c822d]" started-at="2021-07-25T12:42:32 AST" name="createDriver" finished-at="2021-07-25T12:42:40 AST" duration-ms="8030" status="PASS">
          <reporter-output>
          </reporter-output>
        </test-method> <!-- createDriver -->
        <test-method is-config="true" signature="checkTitle()[pri:0, instance:YoutubeError@3d5c822d]" started-at="2021-07-25T12:42:40 AST" name="checkTitle" finished-at="2021-07-25T12:42:40 AST" duration-ms="5" status="PASS">
          <reporter-output>
          </reporter-output>
        </test-method> <!-- checkTitle -->
        <test-method signature="checkLibrary()[pri:0, instance:YoutubeError@3d5c822d]" started-at="2021-07-25T12:42:40 AST" name="checkLibrary" finished-at="2021-07-25T12:42:42 AST" duration-ms="2324" status="PASS">
          <reporter-output>
          </reporter-output>
        </test-method> <!-- checkLibrary -->
        <test-method is-config="true" signature="homepage()[pri:0, instance:YoutubeError@3d5c822d]" started-at="2021-07-25T12:42:42 AST" name="homepage" finished-at="2021-07-25T12:42:44 AST" duration-ms="2254" status="PASS">
          <reporter-output>
          </reporter-output>
        </test-method> <!-- homepage -->
        <test-method signature="checkSubscription()[pri:0, instance:YoutubeError@3d5c822d]" started-at="2021-07-25T12:42:44 AST" name="checkSubscription" finished-at="2021-07-25T12:42:46 AST" duration-ms="2328" status="PASS">
          <reporter-output>
          </reporter-output>
        </test-method> <!-- checkSubscription -->
        <test-method is-config="true" signature="homepage()[pri:0, instance:YoutubeError@3d5c822d]" started-at="2021-07-25T12:42:46 AST" name="homepage" finished-at="2021-07-25T12:42:49 AST" duration-ms="2254" status="PASS">
          <reporter-output>
          </reporter-output>
        </test-method> <!-- homepage -->
        <test-method is-config="true" signature="closeDriver()[pri:0, instance:YoutubeError@3d5c822d]" started-at="2021-07-25T12:42:49 AST" name="closeDriver" finished-at="2021-07-25T12:42:49 AST" duration-ms="657" status="PASS">
          <reporter-output>
          </reporter-output>
        </test-method> <!-- closeDriver -->
      </class> <!-- YoutubeError -->
    </test> <!-- Default test -->
  </suite> <!-- Default suite -->
</testng-results>
