<?xml version="1.0" encoding="UTF-8"?>
<!-- Generated by org.testng.reporters.JUnitXMLReporter -->
<testsuite ignored="0" hostname="DESKTOP-EM23KPC" failures="0" tests="4" name="Default test" time="18.184" errors="0" timestamp="2021-07-28T13:17:17 AST">
  <testcase classname="HandlingIframe" name="openNewsIframe" time="4.258"/>
  <testcase classname="HandlingIframe" name="openNewsIframe" time="4.277"/>
  <testcase classname="HandlingIframe" name="openNewsIframe" time="4.248"/>
  <testcase classname="HandlingIframe" name="openNewsIframe" time="4.291"/>
</testsuite> <!-- Default test -->
