<?xml version="1.0" encoding="UTF-8"?>
<!-- Generated by org.testng.reporters.JUnitXMLReporter -->
<testsuite ignored="0" hostname="DESKTOP-EM23KPC" failures="0" tests="3" name="Default test" time="19.341" errors="0" timestamp="2021-07-26T10:24:09 AST">
  <testcase classname="CrossBrowser" name="initializingBrowser" time="5.853"/>
  <testcase classname="CrossBrowser" name="initializingBrowser" time="5.682"/>
  <testcase classname="CrossBrowser" name="initializingBrowser" time="7.764"/>
</testsuite> <!-- Default test -->
