<?xml version="1.0" encoding="UTF-8"?>
<testng-results ignored="0" total="3" passed="3" failed="0" skipped="0">
  <reporter-output>
    <line>
      <![CDATA[======Trying Invalid Card Number======]]>
    </line>
    <line>
      <![CDATA[======Trying Valid Card Number======]]>
    </line>
  </reporter-output>
  <suite started-at="2021-08-20T13:36:01 AST" name="Default suite" finished-at="2021-08-20T13:37:00 AST" duration-ms="58937">
    <groups>
    </groups>
    <test started-at="2021-08-20T13:36:01 AST" name="Default test" finished-at="2021-08-20T13:37:00 AST" duration-ms="58937">
      <class name="WalmartTest">
        <test-method is-config="true" signature="InitialiseDriver()[pri:0, instance:WalmartTest@4d0f2471]" started-at="2021-08-20T13:35:46 AST" name="InitialiseDriver" finished-at="2021-08-20T13:36:01 AST" duration-ms="15042" status="PASS">
          <reporter-output>
          </reporter-output>
        </test-method> <!-- InitialiseDriver -->
        <test-method signature="addItemToCart()[pri:0, instance:WalmartTest@4d0f2471]" started-at="2021-08-20T13:36:01 AST" name="addItemToCart" finished-at="2021-08-20T13:36:54 AST" duration-ms="53206" status="PASS">
          <reporter-output>
          </reporter-output>
        </test-method> <!-- addItemToCart -->
        <test-method signature="invalidCreditCard()[pri:1, instance:WalmartTest@4d0f2471]" started-at="2021-08-20T13:36:54 AST" name="invalidCreditCard" finished-at="2021-08-20T13:36:55 AST" duration-ms="608" status="PASS">
          <reporter-output>
            <line>
              <![CDATA[======Trying Invalid Card Number======]]>
            </line>
          </reporter-output>
        </test-method> <!-- invalidCreditCard -->
        <test-method signature="validCreditCard()[pri:2, instance:WalmartTest@4d0f2471]" started-at="2021-08-20T13:36:55 AST" name="validCreditCard" finished-at="2021-08-20T13:37:00 AST" duration-ms="5078" status="PASS">
          <reporter-output>
            <line>
              <![CDATA[======Trying Valid Card Number======]]>
            </line>
          </reporter-output>
        </test-method> <!-- validCreditCard -->
        <test-method is-config="true" signature="CloseDriver()[pri:0, instance:WalmartTest@4d0f2471]" started-at="2021-08-20T13:37:00 AST" name="CloseDriver" finished-at="2021-08-20T13:37:02 AST" duration-ms="2254" status="PASS">
          <reporter-output>
          </reporter-output>
        </test-method> <!-- CloseDriver -->
      </class> <!-- WalmartTest -->
    </test> <!-- Default test -->
  </suite> <!-- Default suite -->
</testng-results>
