<?xml version="1.0" encoding="UTF-8"?>
<!-- Generated by org.testng.reporters.JUnitXMLReporter -->
<testsuite ignored="0" hostname="DESKTOP-EM23KPC" failures="0" tests="3" name="Default test" time="58.937" errors="0" timestamp="2021-08-20T13:37:00 AST">
  <testcase classname="WalmartTest" name="addItemToCart" time="53.206"/>
  <testcase classname="WalmartTest" name="invalidCreditCard" time="0.608"/>
  <testcase classname="WalmartTest" name="validCreditCard" time="5.078"/>
</testsuite> <!-- Default test -->
