<?xml version="1.0" encoding="UTF-8"?>
<testng-results ignored="0" total="1" passed="1" failed="0" skipped="0">
  <reporter-output>
  </reporter-output>
  <suite started-at="2021-08-08T07:03:39Z" name="Default suite" finished-at="2021-08-08T07:04:13Z" duration-ms="33313">
    <groups>
    </groups>
    <test started-at="2021-08-08T07:03:39Z" name="Default test" finished-at="2021-08-08T07:04:13Z" duration-ms="33313">
      <class name="com.experitest.auto.IOSDemoTest">
        <test-method is-config="true" signature="setUp(java.lang.String)[pri:0, instance:com.experitest.auto.IOSDemoTest@172b013]" started-at="2021-08-08T10:03:39Z" name="setUp" finished-at="2021-08-08T10:03:50Z" duration-ms="10277" status="PASS">
          <params>
            <param index="0">
              <value>
                <![CDATA[@os='ios']]>
              </value>
            </param>
          </params>
          <reporter-output>
          </reporter-output>
        </test-method> <!-- setUp -->
        <test-method signature="test()[pri:0, instance:com.experitest.auto.IOSDemoTest@172b013]" started-at="2021-08-08T10:03:50Z" name="test" finished-at="2021-08-08T10:04:00Z" duration-ms="10319" status="PASS">
          <reporter-output>
          </reporter-output>
        </test-method> <!-- test -->
        <test-method is-config="true" signature="tearDown()[pri:0, instance:com.experitest.auto.IOSDemoTest@172b013]" started-at="2021-08-08T10:04:00Z" name="tearDown" finished-at="2021-08-08T10:04:13Z" duration-ms="12697" status="PASS">
          <reporter-output>
          </reporter-output>
        </test-method> <!-- tearDown -->
      </class> <!-- com.experitest.auto.IOSDemoTest -->
    </test> <!-- Default test -->
  </suite> <!-- Default suite -->
</testng-results>
