<?xml version="1.0" encoding="UTF-8"?>
<testng-results ignored="0" total="1" passed="1" failed="0" skipped="0">
  <reporter-output>
  </reporter-output>
  <suite started-at="2021-08-04T12:01:13 AST" name="Default suite" finished-at="2021-08-04T12:01:41 AST" duration-ms="28937">
    <groups>
    </groups>
    <test started-at="2021-08-04T12:01:13 AST" name="Default test" finished-at="2021-08-04T12:01:41 AST" duration-ms="28937">
      <class name="GoogleSearch">
        <test-method is-config="true" signature="testCaseSetup()[pri:0, instance:GoogleSearch@5acf93bb]" started-at="2021-08-04T12:01:13 AST" name="testCaseSetup" finished-at="2021-08-04T12:01:30 AST" duration-ms="17030" status="PASS">
          <reporter-output>
          </reporter-output>
        </test-method> <!-- testCaseSetup -->
        <test-method signature="testcase1()[pri:0, instance:GoogleSearch@5acf93bb]" started-at="2021-08-04T12:01:30 AST" name="testcase1" finished-at="2021-08-04T12:01:39 AST" duration-ms="9301" status="PASS">
          <reporter-output>
          </reporter-output>
        </test-method> <!-- testcase1 -->
        <test-method is-config="true" signature="testCaseTearDown()[pri:0, instance:GoogleSearch@5acf93bb]" started-at="2021-08-04T12:01:39 AST" name="testCaseTearDown" finished-at="2021-08-04T12:01:41 AST" duration-ms="2560" status="PASS">
          <reporter-output>
          </reporter-output>
        </test-method> <!-- testCaseTearDown -->
      </class> <!-- GoogleSearch -->
    </test> <!-- Default test -->
  </suite> <!-- Default suite -->
</testng-results>
