<?xml version="1.0" encoding="UTF-8"?>
<!-- Generated by org.testng.reporters.JUnitXMLReporter -->
<testsuite ignored="1" hostname="DESKTOP-EM23KPC" failures="1" tests="1" name="Default test(failed)" time="0.04" errors="0" timestamp="2021-07-27T14:03:08 AST">
  <testcase classname="TestNGListenerDemo.TestCases" name="TestToFail" time="0.01">
    <failure type="java.lang.AssertionError" message="expected [true] but found [false]">
      <![CDATA[java.lang.AssertionError: expected [true] but found [false]
at TestNGListenerDemo.TestCases.TestToFail(TestCases.java:25)
at java.base/java.util.ArrayList.forEach(ArrayList.java:1511)
... Removed 31 stack frames]]>
    </failure>
  </testcase> <!-- TestToFail -->
  <testcase classname="TestNGListenerDemo.TestCases" name="Login" time="0.0">
    <ignored/>
  </testcase> <!-- Login -->
</testsuite> <!-- Default test(failed) -->
